Flutter crash report.
Please report a bug at https://github.com/flutter/flutter/issues.

## command

flutter run --machine --start-paused -d chrome --devtools-server-address http://127.0.0.1:9100/ --target /Users/madhawasaparamadu/Documents/GitHub/City-Taxi-ASE-CS6003ES/frontend/lib/main.dart

## exception

StateError: Bad state: No running isolate (inspector is not set).

```
#0      ChromeProxyService.inspector (package:dwds/src/services/chrome_proxy_service.dart:78:7)
#1      _waitForResumeEventToRunMain.<anonymous closure> (package:dwds/src/dwds_vm_client.dart:308:30)
#2      _rootRunUnary (dart:async/zone.dart:1415:13)
#3      _CustomZone.runUnary (dart:async/zone.dart:1308:19)
#4      _CustomZone.runUnaryGuarded (dart:async/zone.dart:1217:7)
#5      _BufferingStreamSubscription._sendData (dart:async/stream_impl.dart:365:11)
#6      _DelayedData.perform (dart:async/stream_impl.dart:541:14)
#7      _PendingEvents.handleNext (dart:async/stream_impl.dart:646:11)
#8      _PendingEvents.schedule.<anonymous closure> (dart:async/stream_impl.dart:617:7)
#9      StackZoneSpecification._run (package:stack_trace/src/stack_zone_specification.dart:207:15)
#10     StackZoneSpecification._registerCallback.<anonymous closure> (package:stack_trace/src/stack_zone_specification.dart:114:48)
#11     _rootRun (dart:async/zone.dart:1391:47)
#12     _CustomZone.run (dart:async/zone.dart:1301:19)
#13     _CustomZone.runGuarded (dart:async/zone.dart:1209:7)
#14     _CustomZone.bindCallbackGuarded.<anonymous closure> (dart:async/zone.dart:1249:23)
#15     StackZoneSpecification._run (package:stack_trace/src/stack_zone_specification.dart:207:15)
#16     StackZoneSpecification._registerCallback.<anonymous closure> (package:stack_trace/src/stack_zone_specification.dart:114:48)
#17     _rootRun (dart:async/zone.dart:1399:13)
#18     _CustomZone.run (dart:async/zone.dart:1301:19)
#19     _CustomZone.runGuarded (dart:async/zone.dart:1209:7)
#20     _CustomZone.bindCallbackGuarded.<anonymous closure> (dart:async/zone.dart:1249:23)
#21     _microtaskLoop (dart:async/schedule_microtask.dart:40:21)
#22     _startMicrotaskLoop (dart:async/schedule_microtask.dart:49:5)
#23     _runPendingImmediateCallback (dart:isolate-patch/isolate_patch.dart:118:13)
#24     _RawReceivePort._handleMessage (dart:isolate-patch/isolate_patch.dart:185:5)
```

## flutter doctor

```
[!] Flutter (Channel stable, 3.24.3, on macOS 14.3.1 23D60 darwin-arm64, locale en-LK)
    • Flutter version 3.24.3 on channel stable at /Users/madhawasaparamadu/Documents/CityTaxiPvt/citytaxipvt/flutter
    ! Warning: `flutter` on your path resolves to /Users/madhawasaparamadu/development/flutter/bin/flutter, which is not inside your current Flutter SDK checkout at /Users/madhawasaparamadu/Documents/CityTaxiPvt/citytaxipvt/flutter. Consider adding /Users/madhawasaparamadu/Documents/CityTaxiPvt/citytaxipvt/flutter/bin to the front of your path.
    ! Warning: `dart` on your path resolves to /opt/homebrew/Cellar/dart/3.5.3/libexec/bin/dart, which is not inside your current Flutter SDK checkout at /Users/madhawasaparamadu/Documents/CityTaxiPvt/citytaxipvt/flutter. Consider adding /Users/madhawasaparamadu/Documents/CityTaxiPvt/citytaxipvt/flutter/bin to the front of your path.
    • Upstream repository https://github.com/flutter/flutter.git
    • Framework revision 2663184aa7 (3 weeks ago), 2024-09-11 16:27:48 -0500
    • Engine revision 36335019a8
    • Dart version 3.5.3
    • DevTools version 2.37.3
    • If those were intentional, you can disregard the above warnings; however it is recommended to use "git" directly to perform update checks and upgrades.

[✓] Android toolchain - develop for Android devices (Android SDK version 33.0.3)
    • Android SDK at /Users/madhawasaparamadu/Library/Android/sdk
    • Platform android-33, build-tools 33.0.3
    • Java binary at: /Applications/Android Studio.app/Contents/jbr/Contents/Home/bin/java
    • Java version OpenJDK Runtime Environment (build 17.0.11+0-17.0.11b1207.24-11852314)
    • All Android licenses accepted.

[✓] Xcode - develop for iOS and macOS (Xcode 15.4)
    • Xcode at /Applications/Xcode.app/Contents/Developer
    • Build 15F31d
    • CocoaPods version 1.15.2

[✓] Chrome - develop for the web
    • Chrome at /Applications/Google Chrome.app/Contents/MacOS/Google Chrome

[✓] Android Studio (version 2024.1)
    • Android Studio at /Applications/Android Studio.app/Contents
    • Flutter plugin can be installed from:
      🔨 https://plugins.jetbrains.com/plugin/9212-flutter
    • Dart plugin can be installed from:
      🔨 https://plugins.jetbrains.com/plugin/6351-dart
    • Java version OpenJDK Runtime Environment (build 17.0.11+0-17.0.11b1207.24-11852314)

[✓] Android Studio (version 2020.3)
    • Android Studio at /Users/madhawasaparamadu/Desktop/SOFTWARES/Android Studio.app/Contents
    • Flutter plugin can be installed from:
      🔨 https://plugins.jetbrains.com/plugin/9212-flutter
    • Dart plugin can be installed from:
      🔨 https://plugins.jetbrains.com/plugin/6351-dart
    • Java version OpenJDK Runtime Environment (build 11.0.10+0-b96-7249189)

[✓] IntelliJ IDEA Ultimate Edition (version 2024.2.2)
    • IntelliJ at /Applications/IntelliJ IDEA.app
    • Flutter plugin can be installed from:
      🔨 https://plugins.jetbrains.com/plugin/9212-flutter
    • Dart plugin version 242.22855.32

[✓] VS Code (version 1.93.1)
    • VS Code at /Applications/Visual Studio Code.app/Contents
    • Flutter extension version 3.96.0

[✓] VS Code (version 1.93.1)
    • VS Code at /Users/madhawasaparamadu/Desktop/Visual Studio Code.app/Contents
    • Flutter extension version 3.96.0

[✓] Connected device (3 available)
    • macOS (desktop)                 • macos                 • darwin-arm64   • macOS 14.3.1 23D60 darwin-arm64
    • Mac Designed for iPad (desktop) • mac-designed-for-ipad • darwin         • macOS 14.3.1 23D60 darwin-arm64
    • Chrome (web)                    • chrome                • web-javascript • Google Chrome 129.0.6668.70

[✓] Network resources
    • All expected network resources are available.

! Doctor found issues in 1 category.
```
